
saar.ip.sex.am.staden
alt.sex.fetich.orientals
alt.sex.plushies
alt.sex.fetish.cost.benefit.analysis
aus.sex.bondage
fido7.russian-sex
altbinariespictureseroticabutts





alt.irc.sex
alt.sex.bondage.sco.unix
alt.sex.stories.so
alt.sex.fetishes.sleepy
alt.sex.hello-kitty
alt.sex.magazines
alt.sex.nikita-borisov
alt.sex.pedophile.mike-labbe
alt.sex.ramsey.forum
alt.politics.homosexual
alt.sex.beer-bottle
alt.sex.stories.bondage
alt.sex.watersports
alt.sex.fetish.feet.toes
alt.women.want.sex.with.joebob
alt.sex.alt
alt.sex.super-size
alt.sex.toupee
alt.sex.escorts.ads.d
alt.sex.fetish.biting.marv-albert
alt.www.sexzilla.com
alt.binaries.pictures.erotica.groupsex
alt.politics.homosexual
alt.sex.alt
alt.sex.anal
alt.sex.boredom
alt.sex.teddy-ruxpin
alt.sex.incest
alt.sex.pictures.nospam
alt.binaries.pictures.bisexuals
alt.sex.couples.hetero.interchange.amateur
cs-monolit.gated.fido.ru.sex
alt.sex.fetishes.sleepy
alt.sex.pedophile.mike-labbe
alt.homosexuality
alt.sex.asphyx
alt.sex.bestiality.pictures
alt.sex.breast
alt.sex.doom.with-sound
alt.sex.wizards
alt.sexy
alt.sex.fetish.sleepy
alt.sex.jesus
alt.sex.masturbation.pictures.female.teen
alt.binaries.pictures.erotica.transexual.action
alt.fan.sexy-wings
alt.sex.prevost
alt.sex.services
alt.sex.bondage.particle
alt.sex.swingers
alt.sex.trans
alt.sex.zoophile
alt.sex.fetish.power-rangers.kimberly.tight-spandex
finet.sex
alt.sex.hello-kitty
alt.sex.dyaln
alt.sex.nigelw.loves.sheep
alt.sex.raj.NOT
alt.sex.bestiality.hamster.duct-tape
alt.sex.stories.incest
alt.sex.doom
alt.sex.weight-gain
alt.sex.fetish.news-servers
alt.sex.fetish.sleepy
alt.sex.girl
alt.sex.jbinoche
alt.politics.homosexuality.hatemongers.rev-white
alt.sex.nudels.me.too
alt.politics.homosexual
alt.sex.service
alt.sex.skydiving.bondage
alt.sex.trans
alt.sex.femdom
alt.sex.fetish.dollari.ven
alt.skinheads.are.sexxxy.bastards
chile.rec.sexo
fido7.ru-sex.adv
alt.sex.guns
uw.alt.sex.bondage
alt.sex.reggie-white.hamster.duct-tape
alt.sex.patitas-al-hombro
alt.sex.pictures.male
alt.sex.animals
alt.sex.society.indonesia
alt.sex.children
